<?xml version="1.0" encoding="UTF-8"?>
<testng-results skipped="0" failed="0" ignored="0" total="1" passed="1">
  <reporter-output>
  </reporter-output>
  <suite name="Default suite" duration-ms="22022" started-at="2020-11-14T10:00:21Z" finished-at="2020-11-14T10:00:43Z">
    <groups>
    </groups>
    <test name="Default test" duration-ms="22022" started-at="2020-11-14T10:00:21Z" finished-at="2020-11-14T10:00:43Z">
      <class name="packtest1.ResgisterTest">
        <test-method status="PASS" signature="setUp()[pri:0, instance:packtest1.ResgisterTest@1d057a39]" name="setUp" is-config="true" duration-ms="12450" started-at="2020-11-14T10:00:21Z" finished-at="2020-11-14T10:00:34Z">
          <reporter-output>
          </reporter-output>
        </test-method> <!-- setUp -->
        <test-method status="PASS" signature="registerPage()[pri:0, instance:packtest1.ResgisterTest@1d057a39]" name="registerPage" duration-ms="8780" started-at="2020-11-14T10:00:34Z" finished-at="2020-11-14T10:00:43Z">
          <reporter-output>
          </reporter-output>
        </test-method> <!-- registerPage -->
        <test-method status="PASS" signature="tearDown()[pri:0, instance:packtest1.ResgisterTest@1d057a39]" name="tearDown" is-config="true" duration-ms="749" started-at="2020-11-14T10:00:43Z" finished-at="2020-11-14T10:00:43Z">
          <reporter-output>
          </reporter-output>
        </test-method> <!-- tearDown -->
      </class> <!-- packtest1.ResgisterTest -->
    </test> <!-- Default test -->
  </suite> <!-- Default suite -->
</testng-results>
