<?xml version="1.0" encoding="UTF-8"?>
<testng-results skipped="0" failed="1" ignored="2" total="5" passed="2">
  <reporter-output>
  </reporter-output>
  <suite name="Default suite" duration-ms="57223" started-at="2020-11-16T10:55:27Z" finished-at="2020-11-16T10:56:24Z">
    <groups>
    </groups>
    <test name="Default test" duration-ms="57223" started-at="2020-11-16T10:55:27Z" finished-at="2020-11-16T10:56:24Z">
      <class name="packtest1.LoginTest">
        <test-method status="PASS" signature="setUpp()[pri:0, instance:packtest1.LoginTest@3e6fa38a]" name="setUpp" is-config="true" duration-ms="248" started-at="2020-11-16T10:55:27Z" finished-at="2020-11-16T10:55:27Z">
          <reporter-output>
          </reporter-output>
        </test-method> <!-- setUpp -->
        <test-method status="PASS" signature="setUp()[pri:0, instance:packtest1.LoginTest@3e6fa38a]" name="setUp" is-config="true" duration-ms="13243" started-at="2020-11-16T10:55:27Z" finished-at="2020-11-16T10:55:40Z">
          <reporter-output>
          </reporter-output>
        </test-method> <!-- setUp -->
        <test-method status="PASS" signature="loginPage()[pri:0, instance:packtest1.LoginTest@3e6fa38a]" name="loginPage" duration-ms="2714" started-at="2020-11-16T10:55:40Z" finished-at="2020-11-16T10:55:43Z">
          <reporter-output>
          </reporter-output>
        </test-method> <!-- loginPage -->
        <test-method status="PASS" signature="tearDown()[pri:0, instance:packtest1.LoginTest@3e6fa38a]" name="tearDown" is-config="true" duration-ms="735" started-at="2020-11-16T10:55:43Z" finished-at="2020-11-16T10:55:44Z">
          <reporter-output>
          </reporter-output>
        </test-method> <!-- tearDown -->
        <test-method status="FAIL" signature="getResult(org.testng.ITestResult)[pri:0, instance:packtest1.LoginTest@3e6fa38a]" name="getResult" is-config="true" duration-ms="9" started-at="2020-11-16T10:55:44Z" finished-at="2020-11-16T10:55:44Z">
          <params>
            <param index="0">
              <value>
                <![CDATA[[TestResult name=loginPage status=SUCCESS method=LoginTest.loginPage()[pri:0, instance:packtest1.LoginTest@3e6fa38a] output={null}]]]>
              </value>
            </param>
          </params>
          <exception class="java.lang.NullPointerException">
            <full-stacktrace>
              <![CDATA[java.lang.NullPointerException
at base.BaseTest.getResult(BaseTest.java:115)
at sun.reflect.NativeMethodAccessorImpl.invoke0(Native Method)
at sun.reflect.NativeMethodAccessorImpl.invoke(NativeMethodAccessorImpl.java:62)
at sun.reflect.DelegatingMethodAccessorImpl.invoke(DelegatingMethodAccessorImpl.java:43)
at java.lang.reflect.Method.invoke(Method.java:498)
at org.testng.internal.MethodInvocationHelper.invokeMethod(MethodInvocationHelper.java:124)
at org.testng.internal.MethodInvocationHelper.invokeMethodConsideringTimeout(MethodInvocationHelper.java:59)
at org.testng.internal.Invoker.invokeConfigurationMethod(Invoker.java:458)
at org.testng.internal.Invoker.invokeConfigurations(Invoker.java:222)
at org.testng.internal.Invoker.invokeMethod(Invoker.java:646)
at org.testng.internal.Invoker.invokeTestMethod(Invoker.java:719)
at org.testng.internal.Invoker.invokeTestMethods(Invoker.java:989)
at org.testng.internal.TestMethodWorker.invokeTestMethods(TestMethodWorker.java:125)
at org.testng.internal.TestMethodWorker.run(TestMethodWorker.java:109)
at org.testng.TestRunner.privateRun(TestRunner.java:648)
at org.testng.TestRunner.run(TestRunner.java:505)
at org.testng.SuiteRunner.runTest(SuiteRunner.java:455)
at org.testng.SuiteRunner.runSequentially(SuiteRunner.java:450)
at org.testng.SuiteRunner.privateRun(SuiteRunner.java:415)
at org.testng.SuiteRunner.run(SuiteRunner.java:364)
at org.testng.SuiteRunnerWorker.runSuite(SuiteRunnerWorker.java:52)
at org.testng.SuiteRunnerWorker.run(SuiteRunnerWorker.java:84)
at org.testng.TestNG.runSuitesSequentially(TestNG.java:1208)
at org.testng.TestNG.runSuitesLocally(TestNG.java:1137)
at org.testng.TestNG.runSuites(TestNG.java:1049)
at org.testng.TestNG.run(TestNG.java:1017)
at org.testng.remote.AbstractRemoteTestNG.run(AbstractRemoteTestNG.java:114)
at org.testng.remote.RemoteTestNG.initAndRun(RemoteTestNG.java:251)
at org.testng.remote.RemoteTestNG.main(RemoteTestNG.java:77)
]]>
            </full-stacktrace>
          </exception> <!-- java.lang.NullPointerException -->
          <reporter-output>
          </reporter-output>
        </test-method> <!-- getResult -->
      </class> <!-- packtest1.LoginTest -->
      <class name="packtest1.TestRun">
        <test-method status="PASS" signature="setUp()[pri:0, instance:packtest1.TestRun@66a3ffec]" name="setUp" is-config="true" duration-ms="11556" started-at="2020-11-16T10:55:44Z" finished-at="2020-11-16T10:55:55Z">
          <reporter-output>
          </reporter-output>
        </test-method> <!-- setUp -->
        <test-method status="PASS" signature="testrun()[pri:0, instance:packtest1.TestRun@66a3ffec]" name="testrun" duration-ms="11506" started-at="2020-11-16T10:55:55Z" finished-at="2020-11-16T10:56:07Z">
          <reporter-output>
          </reporter-output>
        </test-method> <!-- testrun -->
        <test-method status="PASS" signature="tearDown()[pri:0, instance:packtest1.TestRun@66a3ffec]" name="tearDown" is-config="true" duration-ms="747" started-at="2020-11-16T10:56:07Z" finished-at="2020-11-16T10:56:08Z">
          <reporter-output>
          </reporter-output>
        </test-method> <!-- tearDown -->
        <test-method status="PASS" signature="getResult(org.testng.ITestResult)[pri:0, instance:packtest1.TestRun@66a3ffec]" name="getResult" is-config="true" duration-ms="457" started-at="2020-11-16T10:56:08Z" finished-at="2020-11-16T10:56:08Z">
          <params>
            <param index="0">
              <value>
                <![CDATA[[TestResult name=testrun status=SUCCESS method=TestRun.testrun()[pri:0, instance:packtest1.TestRun@66a3ffec] output={null}]]]>
              </value>
            </param>
          </params>
          <reporter-output>
          </reporter-output>
        </test-method> <!-- getResult -->
      </class> <!-- packtest1.TestRun -->
      <class name="packtest1.ResgisterTest">
        <test-method status="PASS" signature="setUp()[pri:0, instance:packtest1.ResgisterTest@77caeb3e]" name="setUp" is-config="true" duration-ms="11379" started-at="2020-11-16T10:56:08Z" finished-at="2020-11-16T10:56:19Z">
          <reporter-output>
          </reporter-output>
        </test-method> <!-- setUp -->
        <test-method status="FAIL" signature="registerPage()[pri:0, instance:packtest1.ResgisterTest@77caeb3e]" name="registerPage" duration-ms="3969" started-at="2020-11-16T10:56:19Z" finished-at="2020-11-16T10:56:23Z">
          <exception class="java.lang.NullPointerException">
            <full-stacktrace>
              <![CDATA[java.lang.NullPointerException
at packtest1.ResgisterTest.registerPage(ResgisterTest.java:40)
at sun.reflect.NativeMethodAccessorImpl.invoke0(Native Method)
at sun.reflect.NativeMethodAccessorImpl.invoke(NativeMethodAccessorImpl.java:62)
at sun.reflect.DelegatingMethodAccessorImpl.invoke(DelegatingMethodAccessorImpl.java:43)
at java.lang.reflect.Method.invoke(Method.java:498)
at org.testng.internal.MethodInvocationHelper.invokeMethod(MethodInvocationHelper.java:124)
at org.testng.internal.Invoker.invokeMethod(Invoker.java:583)
at org.testng.internal.Invoker.invokeTestMethod(Invoker.java:719)
at org.testng.internal.Invoker.invokeTestMethods(Invoker.java:989)
at org.testng.internal.TestMethodWorker.invokeTestMethods(TestMethodWorker.java:125)
at org.testng.internal.TestMethodWorker.run(TestMethodWorker.java:109)
at org.testng.TestRunner.privateRun(TestRunner.java:648)
at org.testng.TestRunner.run(TestRunner.java:505)
at org.testng.SuiteRunner.runTest(SuiteRunner.java:455)
at org.testng.SuiteRunner.runSequentially(SuiteRunner.java:450)
at org.testng.SuiteRunner.privateRun(SuiteRunner.java:415)
at org.testng.SuiteRunner.run(SuiteRunner.java:364)
at org.testng.SuiteRunnerWorker.runSuite(SuiteRunnerWorker.java:52)
at org.testng.SuiteRunnerWorker.run(SuiteRunnerWorker.java:84)
at org.testng.TestNG.runSuitesSequentially(TestNG.java:1208)
at org.testng.TestNG.runSuitesLocally(TestNG.java:1137)
at org.testng.TestNG.runSuites(TestNG.java:1049)
at org.testng.TestNG.run(TestNG.java:1017)
at org.testng.remote.AbstractRemoteTestNG.run(AbstractRemoteTestNG.java:114)
at org.testng.remote.RemoteTestNG.initAndRun(RemoteTestNG.java:251)
at org.testng.remote.RemoteTestNG.main(RemoteTestNG.java:77)
]]>
            </full-stacktrace>
          </exception> <!-- java.lang.NullPointerException -->
          <reporter-output>
          </reporter-output>
        </test-method> <!-- registerPage -->
        <test-method status="PASS" signature="tearDown()[pri:0, instance:packtest1.ResgisterTest@77caeb3e]" name="tearDown" is-config="true" duration-ms="752" started-at="2020-11-16T10:56:23Z" finished-at="2020-11-16T10:56:24Z">
          <reporter-output>
          </reporter-output>
        </test-method> <!-- tearDown -->
        <test-method status="PASS" signature="getResult(org.testng.ITestResult)[pri:0, instance:packtest1.ResgisterTest@77caeb3e]" name="getResult" is-config="true" duration-ms="91" started-at="2020-11-16T10:56:24Z" finished-at="2020-11-16T10:56:24Z">
          <params>
            <param index="0">
              <value>
                <![CDATA[[TestResult name=registerPage status=FAILURE method=ResgisterTest.registerPage()[pri:0, instance:packtest1.ResgisterTest@77caeb3e] output={null}]]]>
              </value>
            </param>
          </params>
          <reporter-output>
          </reporter-output>
        </test-method> <!-- getResult -->
      </class> <!-- packtest1.ResgisterTest -->
    </test> <!-- Default test -->
  </suite> <!-- Default suite -->
</testng-results>
